# JRE version: OpenJDK Runtime Environment (17.0.11) (build 17.0.11+0--11852314)
# Java VM: OpenJDK 64-Bit Server VM (17.0.11+0--11852314, mixed mode, tiered, compressed oops, compressed class ptrs, g1 gc, windows-amd64)
GC Precious Log:
 CPUs: 12 total, 12 available
 Memory: 16068M
 Large Page Support: Disabled
 NUMA Support: Disabled
 Compressed Oops: Enabled (Zero based)
 Heap Region Size: 4M
 Heap Min Capacity: 8M
 Heap Initial Capacity: 252M
 Heap Max Capacity: 8G
 Pre-touch: Disabled
 Parallel Workers: 10
 Concurrent Workers: 3
 Concurrent Refinement Workers: 10
 Periodic GC: Disabled
Heap:
 garbage-first heap   total 909312K, used 364022K [0x0000000600000000, 0x0000000800000000)
  region size 4096K, 5 young (20480K), 5 survivors (20480K)
 Metaspace       used 153531K, committed 155648K, reserved 1245184K
  class space    used 20346K, committed 21312K, reserved 1048576K
GC Heap History (20 events):
Event: 6496.730 GC heap after
{Heap after GC invocations=71 (full 0):
 garbage-first heap   total 872448K, used 311443K [0x0000000600000000, 0x0000000800000000)
  region size 4096K, 4 young (16384K), 4 survivors (16384K)
 Metaspace       used 151379K, committed 153280K, reserved 1245184K
  class space    used 20189K, committed 21056K, reserved 1048576K
}
Event: 6513.036 GC heap before
{Heap before GC invocations=72 (full 0):
 garbage-first heap   total 872448K, used 782483K [0x0000000600000000, 0x0000000800000000)
  region size 4096K, 97 young (397312K), 4 survivors (16384K)
 Metaspace       used 151826K, committed 153728K, reserved 1245184K
  class space    used 20194K, committed 21056K, reserved 1048576K
}
Event: 6513.125 GC heap after
{Heap after GC invocations=73 (full 0):
 garbage-first heap   total 872448K, used 346112K [0x0000000600000000, 0x0000000800000000)
  region size 4096K, 13 young (53248K), 13 survivors (53248K)
 Metaspace       used 151826K, committed 153728K, reserved 1245184K
  class space    used 20194K, committed 21056K, reserved 1048576K
}
Event: 6513.130 GC heap before
{Heap before GC invocations=73 (full 0):
 garbage-first heap   total 872448K, used 346112K [0x0000000600000000, 0x0000000800000000)
  region size 4096K, 14 young (57344K), 13 survivors (53248K)
 Metaspace       used 151826K, committed 153728K, reserved 1245184K
  class space    used 20194K, committed 21056K, reserved 1048576K
}
Event: 6513.158 GC heap after
{Heap after GC invocations=74 (full 0):
 garbage-first heap   total 872448K, used 332673K [0x0000000600000000, 0x0000000800000000)
  region size 4096K, 1 young (4096K), 1 survivors (4096K)
 Metaspace       used 151826K, committed 153728K, reserved 1245184K
  class space    used 20194K, committed 21056K, reserved 1048576K
}
Event: 12170.281 GC heap before
{Heap before GC invocations=74 (full 0):
 garbage-first heap   total 872448K, used 664449K [0x0000000600000000, 0x0000000800000000)
  region size 4096K, 83 young (339968K), 1 survivors (4096K)
 Metaspace       used 152062K, committed 154112K, reserved 1245184K
  class space    used 20220K, committed 21120K, reserved 1048576K
}
Event: 12170.348 GC heap after
{Heap after GC invocations=75 (full 0):
 garbage-first heap   total 872448K, used 342753K [0x0000000600000000, 0x0000000800000000)
  region size 4096K, 4 young (16384K), 4 survivors (16384K)
 Metaspace       used 152062K, committed 154112K, reserved 1245184K
  class space    used 20220K, committed 21120K, reserved 1048576K
}
Event: 12182.092 GC heap before
{Heap before GC invocations=76 (full 0):
 garbage-first heap   total 872448K, used 784097K [0x0000000600000000, 0x0000000800000000)
  region size 4096K, 87 young (356352K), 4 survivors (16384K)
 Metaspace       used 151943K, committed 154176K, reserved 1245184K
  class space    used 20128K, committed 21120K, reserved 1048576K
}
Event: 12182.159 GC heap after
{Heap after GC invocations=77 (full 0):
 garbage-first heap   total 872448K, used 386944K [0x0000000600000000, 0x0000000800000000)
  region size 4096K, 11 young (45056K), 11 survivors (45056K)
 Metaspace       used 151943K, committed 154176K, reserved 1245184K
  class space    used 20128K, committed 21120K, reserved 1048576K
}
Event: 12182.163 GC heap before
{Heap before GC invocations=77 (full 0):
 garbage-first heap   total 872448K, used 386944K [0x0000000600000000, 0x0000000800000000)
  region size 4096K, 12 young (49152K), 11 survivors (45056K)
 Metaspace       used 151943K, committed 154176K, reserved 1245184K
  class space    used 20128K, committed 21120K, reserved 1048576K
}
Event: 12182.196 GC heap after
{Heap after GC invocations=78 (full 0):
 garbage-first heap   total 872448K, used 323433K [0x0000000600000000, 0x0000000800000000)
  region size 4096K, 2 young (8192K), 2 survivors (8192K)
 Metaspace       used 151943K, committed 154176K, reserved 1245184K
  class space    used 20128K, committed 21120K, reserved 1048576K
}
Event: 12182.217 GC heap before
{Heap before GC invocations=78 (full 0):
 garbage-first heap   total 872448K, used 352105K [0x0000000600000000, 0x0000000800000000)
  region size 4096K, 10 young (40960K), 2 survivors (8192K)
 Metaspace       used 151943K, committed 154176K, reserved 1245184K
  class space    used 20128K, committed 21120K, reserved 1048576K
}
Event: 12182.239 GC heap after
{Heap after GC invocations=79 (full 0):
 garbage-first heap   total 872448K, used 343040K [0x0000000600000000, 0x0000000800000000)
  region size 4096K, 2 young (8192K), 2 survivors (8192K)
 Metaspace       used 151943K, committed 154176K, reserved 1245184K
  class space    used 20128K, committed 21120K, reserved 1048576K
}
Event: 18306.983 GC heap before
{Heap before GC invocations=79 (full 0):
 garbage-first heap   total 872448K, used 662528K [0x0000000600000000, 0x0000000800000000)
  region size 4096K, 81 young (331776K), 2 survivors (8192K)
 Metaspace       used 152077K, committed 154176K, reserved 1245184K
  class space    used 20128K, committed 21120K, reserved 1048576K
}
Event: 18307.085 GC heap after
{Heap after GC invocations=80 (full 0):
 garbage-first heap   total 872448K, used 348880K [0x0000000600000000, 0x0000000800000000)
  region size 4096K, 4 young (16384K), 4 survivors (16384K)
 Metaspace       used 152077K, committed 154176K, reserved 1245184K
  class space    used 20128K, committed 21120K, reserved 1048576K
}
Event: 18322.719 GC heap before
{Heap before GC invocations=81 (full 0):
 garbage-first heap   total 909312K, used 825040K [0x0000000600000000, 0x0000000800000000)
  region size 4096K, 84 young (344064K), 4 survivors (16384K)
 Metaspace       used 152633K, committed 154624K, reserved 1245184K
  class space    used 20173K, committed 21120K, reserved 1048576K
}
Event: 18322.804 GC heap after
{Heap after GC invocations=82 (full 0):
 garbage-first heap   total 909312K, used 415648K [0x0000000600000000, 0x0000000800000000)
  region size 4096K, 11 young (45056K), 11 survivors (45056K)
 Metaspace       used 152633K, committed 154624K, reserved 1245184K
  class space    used 20173K, committed 21120K, reserved 1048576K
}
Event: 18325.783 GC heap before
{Heap before GC invocations=82 (full 0):
 garbage-first heap   total 909312K, used 477088K [0x0000000600000000, 0x0000000800000000)
  region size 4096K, 12 young (49152K), 11 survivors (45056K)
 Metaspace       used 152634K, committed 154624K, reserved 1245184K
  class space    used 20173K, committed 21120K, reserved 1048576K
}
Event: 18326.105 GC heap after
{Heap after GC invocations=83 (full 0):
 garbage-first heap   total 909312K, used 350211K [0x0000000600000000, 0x0000000800000000)
  region size 4096K, 2 young (8192K), 2 survivors (8192K)
 Metaspace       used 152634K, committed 154624K, reserved 1245184K
  class space    used 20173K, committed 21120K, reserved 1048576K
}
Event: 18717.705 GC heap before
{Heap before GC invocations=83 (full 0):
 garbage-first heap   total 909312K, used 694275K [0x0000000600000000, 0x0000000800000000)
  region size 4096K, 87 young (356352K), 2 survivors (8192K)
 Metaspace       used 153531K, committed 155648K, reserved 1245184K
  class space    used 20346K, committed 21312K, reserved 1048576K
}

